*** Using Compiler 'V5.05 update 2 (build 169)', folder: 'D:\Program Files\Keil_arm\ARM\ARMCC\Bin'
Build target 'fly'
assembling startup_stm32g031xx.s...
compiling main.c...
compiling gpio.c...
compiling adc.c...
compiling dma.c...
compiling tim.c...
compiling usart.c...
compiling stm32g0xx_it.c...
compiling stm32g0xx_hal_msp.c...
compiling stm32g0xx_hal_adc.c...
compiling stm32g0xx_hal_adc_ex.c...
compiling stm32g0xx_ll_adc.c...
compiling stm32g0xx_hal_rcc.c...
compiling stm32g0xx_hal_rcc_ex.c...
compiling stm32g0xx_ll_rcc.c...
compiling stm32g0xx_hal_flash.c...
compiling stm32g0xx_hal_flash_ex.c...
compiling stm32g0xx_hal_gpio.c...
compiling stm32g0xx_hal_dma.c...
compiling stm32g0xx_hal_dma_ex.c...
compiling stm32g0xx_hal_pwr.c...
compiling stm32g0xx_hal_pwr_ex.c...
compiling stm32g0xx_hal_cortex.c...
compiling stm32g0xx_hal.c...
compiling stm32g0xx_hal_exti.c...
compiling stm32g0xx_hal_tim.c...
compiling stm32g0xx_hal_tim_ex.c...
compiling stm32g0xx_hal_uart.c...
compiling stm32g0xx_hal_uart_ex.c...
compiling system_stm32g0xx.c...
compiling motor.c...
compiling pid.c...
compiling AS5600_PWM.c...
compiling elrs.c...
..\user\module\elrs\elrs.c(106): warning:  #177-D: function "int8_Map_with_median" was declared but never referenced
  static inline uint8_t int8_Map_with_median(uint16_t x,
..\user\module\elrs\elrs.c: 1 warning, 0 errors
compiling flight_control.c...
linking...
fly\fly.axf: error: L6002U: Could not open file fly\stm32g0xx_hal_tim.o: No such file or directory
Finished: 0 information, 0 warning, 0 error and 1 fatal error messages.
"fly\fly.axf" - 1 Error(s), 1 Warning(s).
Target not created.
